Exception: can only concatenate str (not "float") to str
Traceback (most recent call last):
  File "H:\DEEN-OPS\src\utils\safe_ops.py", line 79, in safe_render
    return render_fn()
  File "H:\DEEN-OPS\src\pages\live_dashboard.py", line 154, in <lambda>
    lambda: render_dashboard_output(
            ~~~~~~~~~~~~~~~~~~~~~~~^
        drill,
        ^^^^^^
    ...<6 lines>...
        granular_df=df_standard
        ^^^^^^^^^^^^^^^^^^^^^^^
    ),
    ^
  File "H:\DEEN-OPS\src\pages\dashboard_output.py", line 271, in render_dashboard_output
    fc_res, _ = PredictiveIntelligence.forecast(daily_rev, steps=1)
                ~~~~~~~~~~~~~~~~~~~~~~~~~~~~~~~^^^^^^^^^^^^^^^^^^^^
  File "H:\DEEN-OPS\src\processing\forecasting.py", line 20, in forecast
    p_base = np.polyfit(x, y, 1)
  File "C:\Users\deenb\AppData\Roaming\Python\Python314\site-packages\numpy\lib\_polynomial_impl.py", line 637, in polyfit
    y = NX.asarray(y) + 0.0
        ~~~~~~~~~~~~~~^~~~~
TypeError: can only concatenate str (not "float") to str

